2021-03-30 17:22:03,484 :INFO : test_login :Logged In Successfully
2021-03-30 17:22:04,830 :INFO : test_login :Logged Out Successfully
2021-03-30 17:33:27,865 :INFO : test_login :Logged In Successfully
2021-03-30 17:33:29,243 :INFO : test_login :Logged Out Successfully
2021-03-31 11:18:50,877 :INFO : test_sales_module :Logged In Successfully
2021-03-31 11:18:51,871 :INFO : test_sales_module :Logged Out Successfully
2021-03-31 11:19:27,563 :INFO : test_sales_module :Logged In Successfully
2021-03-31 12:00:20,151 :INFO : test_sales_module :Logged In Successfully
2021-03-31 12:07:33,702 :INFO : test_sales_module :Logged In Successfully
2021-03-31 12:09:46,315 :INFO : test_sales_module :Logged In Successfully
2021-03-31 12:11:08,688 :INFO : test_sales_module :Logged In Successfully
2021-03-31 12:13:22,495 :INFO : test_sales_module :Logged In Successfully
2021-03-31 13:13:15,777 :INFO : test_sales_module :Logged In Successfully
2021-03-31 13:15:44,771 :INFO : test_sales_module :Logged In Successfully
2021-03-31 13:22:41,109 :INFO : test_sales_module :Logged In Successfully
2021-03-31 13:27:39,835 :INFO : test_sales_module :Logged In Successfully
2021-03-31 13:30:12,175 :INFO : test_sales_module :Logged In Successfully
2021-03-31 13:33:48,362 :INFO : test_sales_module :Logged In Successfully
2021-03-31 13:38:49,745 :INFO : test_login :Logged In Successfully
2021-03-31 13:38:56,362 :INFO : test_login :Logged Out Successfully
2021-03-31 13:59:08,229 :INFO : test_login :Logged In Successfully
2021-03-31 13:59:14,930 :INFO : test_login :Logged Out Successfully
2021-04-01 15:52:49,387 :INFO : test_customer_module :Logged In Successfully
2021-04-01 17:44:55,859 :INFO : test_sales_module :Logged In Successfully
2021-04-02 12:34:51,857 :INFO : test_datepicker :Logged In Successfully
2021-04-02 12:37:05,552 :INFO : test_datepicker :Logged In Successfully
2021-04-02 12:40:38,143 :INFO : test_datepicker :Logged In Successfully
2021-04-02 12:43:36,819 :INFO : test_datepicker :Logged In Successfully
2021-04-02 13:16:28,849 :INFO : test_datepicker :Logged In Successfully
2021-04-02 13:28:25,779 :INFO : test_datepicker :Logged In Successfully
2021-04-02 13:29:40,808 :INFO : test_datepicker :Logged In Successfully
2021-04-02 14:17:50,222 :INFO : test_datepicker :Logged In Successfully
2021-04-02 14:23:16,712 :INFO : test_datepicker :Logged In Successfully
2021-04-02 14:24:48,142 :INFO : test_datepicker :Logged In Successfully
2021-04-02 14:26:23,459 :INFO : test_datepicker :Logged In Successfully
2021-04-02 14:49:33,282 :INFO : test_datepicker :Logged In Successfully
2021-04-02 14:52:20,200 :INFO : test_datepicker :Logged In Successfully
2021-04-02 14:55:04,167 :INFO : test_datepicker :Logged In Successfully
2021-04-02 14:56:53,696 :INFO : test_datepicker :Logged In Successfully
2021-04-02 14:58:35,177 :INFO : test_datepicker :Logged In Successfully
2021-04-02 14:59:58,843 :INFO : test_datepicker :Logged In Successfully
2021-04-02 15:01:38,755 :INFO : test_datepicker :Logged In Successfully
2021-04-05 09:13:11,458 :INFO : test_datepicker :Logged In Successfully
2021-04-05 09:15:32,869 :INFO : test_datepicker :Logged In Successfully
2021-04-05 09:16:47,735 :INFO : test_datepicker :Logged In Successfully
2021-04-05 09:19:54,510 :INFO : test_datepicker :Logged In Successfully
2021-04-05 09:23:10,068 :INFO : test_datepicker :Logged In Successfully
2021-04-05 09:27:36,318 :INFO : test_datepicker :Logged In Successfully
2021-04-05 10:20:14,870 :INFO : test_datepicker :Logged In Successfully
2021-04-05 10:24:03,640 :INFO : test_datepicker :Logged In Successfully
2021-04-05 10:33:40,227 :INFO : test_datepicker :Logged In Successfully
2021-04-05 10:37:31,520 :INFO : test_datepicker :Logged In Successfully
2021-04-05 10:43:33,339 :INFO : test_datepicker :Logged In Successfully
2021-04-05 10:46:57,449 :INFO : test_datepicker :Logged In Successfully
2021-04-05 12:15:31,127 :INFO : test_datepicker :Logged In Successfully
2021-04-05 16:03:47,470 :INFO : test_sales_module :Logged In Successfully
2021-04-05 16:05:16,603 :INFO : test_sales_module :Logged In Successfully
2021-04-05 16:07:34,465 :INFO : test_sales_module :Logged In Successfully
2021-04-05 16:08:29,935 :INFO : test_sales_module :Logged In Successfully
2021-04-05 16:09:40,542 :INFO : test_sales_module :Logged In Successfully
2021-04-05 16:11:16,839 :INFO : test_sales_module :Logged In Successfully
2021-04-05 16:13:29,403 :INFO : test_sales_module :Logged In Successfully
2021-04-05 16:15:22,413 :INFO : test_sales_module :Logged In Successfully
2021-04-05 16:16:50,909 :INFO : test_sales_module :Logged In Successfully
2021-04-05 16:17:50,600 :INFO : test_sales_module :Logged In Successfully
2021-04-05 16:19:17,396 :INFO : test_sales_module :Logged In Successfully
2021-04-05 16:19:57,368 :INFO : test_sales_module :Logged In Successfully
2021-04-05 16:21:17,252 :INFO : test_sales_module :Logged In Successfully
2021-04-05 16:21:56,808 :INFO : test_sales_module :Logged In Successfully
2021-04-05 16:35:49,262 :INFO : test_sales_module :Logged In Successfully
2021-04-05 16:37:25,279 :INFO : test_sales_module :Logged In Successfully
2021-04-05 16:43:49,118 :INFO : test_sales_module :Logged In Successfully
2021-04-05 16:47:16,826 :INFO : test_sales_module :Logged In Successfully
2021-04-05 16:48:39,766 :INFO : test_sales_module :Logged In Successfully
2021-04-05 16:52:54,477 :INFO : test_sales_module :Logged In Successfully
2021-04-05 16:53:37,678 :INFO : test_sales_module :Logged In Successfully
2021-04-05 16:55:26,221 :INFO : test_sales_module :Logged In Successfully
2021-04-05 16:59:11,702 :INFO : test_sales_module :Logged In Successfully
2021-04-05 17:01:12,081 :INFO : test_sales_module :Logged In Successfully
2021-04-05 17:04:07,774 :INFO : test_sales_module :Logged In Successfully
2021-04-05 17:05:44,590 :INFO : test_sales_module :Logged In Successfully
2021-04-05 17:06:58,589 :INFO : test_sales_module :Logged In Successfully
2021-04-05 17:07:37,454 :INFO : test_sales_module :Logged In Successfully
2021-04-05 17:10:59,445 :INFO : test_sales_module :Logged In Successfully
2021-04-05 17:12:21,900 :INFO : test_sales_module :Logged In Successfully
2021-04-05 17:13:41,607 :INFO : test_sales_module :Logged In Successfully
2021-04-05 17:15:53,334 :INFO : test_sales_module :Logged In Successfully
2021-04-05 17:19:23,151 :INFO : test_sales_module :Logged In Successfully
2021-04-05 17:20:46,457 :INFO : test_sales_module :Logged In Successfully
2021-04-05 17:28:22,592 :INFO : test_sales_module :Logged In Successfully
2021-04-05 17:33:48,804 :INFO : test_sales_module :Logged In Successfully
2021-04-05 18:20:05,439 :INFO : test_sales_module :Logged In Successfully
2021-04-05 18:21:59,434 :INFO : test_sales_module :Record Created Successfully
2021-04-05 18:21:59,434 :INFO : test_sales_module :Error Occurred
2021-04-07 16:23:24,301 :INFO : test_sales_module :Logged In Successfully
2021-04-07 16:25:17,264 :INFO : test_sales_module :Record Created Successfully
2021-04-07 16:25:17,264 :INFO : test_sales_module :Error Occurred
2021-04-07 16:26:35,668 :INFO : test_sales_module :Logged In Successfully
2021-04-07 16:28:28,718 :INFO : test_sales_module :Record Created Successfully
2021-04-07 16:28:33,477 :INFO : test_sales_module :Logged Out Successfully
2021-04-07 16:35:26,293 :INFO : test_sales_module :Logged In Successfully
2021-04-07 16:35:51,587 :INFO : test_sales_module :Error Occurred
2021-04-07 16:35:56,545 :INFO : test_sales_module :Logged Out Successfully
2021-04-07 16:36:04,747 :INFO : test_sales_module :Error Occurred
2021-04-07 16:36:04,747 :INFO : test_sales_module :Error Occurred
2021-04-07 17:05:12,897 :INFO : test_sales_module :Logged In Successfully
2021-04-07 17:05:29,214 :INFO : test_sales_module :Error Occurred
2021-04-07 17:05:34,192 :INFO : test_sales_module :Logged Out Successfully
2021-04-07 17:05:42,105 :INFO : test_sales_module :Logged In Successfully
2021-04-07 17:05:42,105 :INFO : test_sales_module :Logged In Successfully
2021-04-07 17:07:34,246 :INFO : test_sales_module :Record Created Successfully
2021-04-07 17:07:34,246 :INFO : test_sales_module :Record Created Successfully
2021-04-07 17:07:39,006 :INFO : test_sales_module :Logged Out Successfully
2021-04-07 17:07:39,006 :INFO : test_sales_module :Logged Out Successfully
2021-04-07 17:09:46,234 :INFO : test_sales_module :Logged In Successfully
2021-04-07 17:10:01,091 :INFO : test_sales_module :Error Occurred
2021-04-07 17:10:05,910 :INFO : test_sales_module :Logged Out Successfully
2021-04-07 17:10:13,835 :INFO : test_sales_module :Logged In Successfully
2021-04-07 17:10:13,835 :INFO : test_sales_module :Logged In Successfully
2021-04-07 17:12:06,137 :INFO : test_sales_module :Record Created Successfully
2021-04-07 17:12:06,137 :INFO : test_sales_module :Record Created Successfully
2021-04-07 17:12:10,887 :INFO : test_sales_module :Logged Out Successfully
2021-04-07 17:12:10,887 :INFO : test_sales_module :Logged Out Successfully
2021-04-07 17:52:58,249 :INFO : test_sales_module :Logged In Successfully
2021-04-07 17:53:15,345 :INFO : test_sales_module :Error Occurred
2021-04-07 17:53:20,203 :INFO : test_sales_module :Logged Out Successfully
2021-04-07 17:53:28,208 :INFO : test_sales_module :Logged In Successfully
2021-04-07 17:53:28,208 :INFO : test_sales_module :Logged In Successfully
2021-04-07 17:54:42,693 :INFO : test_sales_module :Error Occurred
2021-04-07 17:54:42,693 :INFO : test_sales_module :Error Occurred
2021-04-07 17:54:47,505 :INFO : test_sales_module :Logged Out Successfully
2021-04-07 17:54:47,505 :INFO : test_sales_module :Logged Out Successfully
2021-04-07 17:55:36,673 :INFO : test_sales_module :Logged In Successfully
2021-04-07 17:55:53,406 :INFO : test_sales_module :Error Occurred
2021-04-07 17:55:58,328 :INFO : test_sales_module :Logged Out Successfully
2021-04-07 17:56:06,236 :INFO : test_sales_module :Logged In Successfully
2021-04-07 17:56:06,236 :INFO : test_sales_module :Logged In Successfully
2021-04-07 17:57:20,742 :INFO : test_sales_module :Error Occurred
2021-04-07 17:57:20,742 :INFO : test_sales_module :Error Occurred
2021-04-07 17:57:25,621 :INFO : test_sales_module :Logged Out Successfully
2021-04-07 17:57:25,621 :INFO : test_sales_module :Logged Out Successfully
2021-04-07 18:00:31,961 :INFO : test_sales_module :Logged In Successfully
2021-04-07 18:01:46,517 :INFO : test_sales_module :Error Occurred
2021-04-07 18:01:51,492 :INFO : test_sales_module :Logged Out Successfully
2021-04-07 18:01:59,415 :INFO : test_sales_module :Logged In Successfully
2021-04-07 18:01:59,415 :INFO : test_sales_module :Logged In Successfully
2021-04-07 18:02:03,024 :INFO : test_sales_module :Error Occurred
2021-04-07 18:02:03,024 :INFO : test_sales_module :Error Occurred
2021-04-07 18:03:11,665 :INFO : test_sales_module :Logged In Successfully
2021-04-07 18:17:37,938 :INFO : test_sales_module :Logged In Successfully
2021-04-07 18:19:34,030 :INFO : test_sales_module :Record Created Successfully
2021-04-07 18:19:41,489 :INFO : test_sales_module :Logged Out Successfully
2021-04-07 18:34:20,193 :INFO : test_sales_module :Logged In Successfully
2021-04-07 18:36:16,975 :INFO : test_sales_module :Record Created Successfully
2021-04-07 18:36:24,392 :INFO : test_sales_module :Logged Out Successfully
2021-04-07 18:37:24,191 :INFO : test_sales_module :Logged In Successfully
2021-04-07 18:39:20,184 :INFO : test_sales_module :Record Created Successfully
2021-04-07 18:39:34,974 :INFO : test_sales_module :Logged Out Successfully
2021-04-07 18:43:17,383 :INFO : test_sales_module :Logged In Successfully
2021-04-07 18:45:13,335 :INFO : test_sales_module :Record Created Successfully
2021-04-07 18:45:23,062 :INFO : test_sales_module :Record Deleted Successfully
2021-04-07 18:45:27,954 :INFO : test_sales_module :Logged Out Successfully
2021-04-07 18:45:36,076 :INFO : test_sales_module :Logged In Successfully
2021-04-07 18:45:36,076 :INFO : test_sales_module :Logged In Successfully
2021-04-07 18:45:53,245 :INFO : test_sales_module :Error Occurred
2021-04-07 18:45:53,245 :INFO : test_sales_module :Error Occurred
2021-04-07 18:45:58,266 :INFO : test_sales_module :Logged Out Successfully
2021-04-07 18:45:58,266 :INFO : test_sales_module :Logged Out Successfully
2021-04-09 14:45:50,149 :INFO : test_sales_module :Logged In Successfully
2021-04-09 14:47:46,976 :INFO : test_sales_module :Record Created Successfully
2021-04-09 14:47:56,820 :INFO : test_sales_module :Record Deleted Successfully
2021-04-09 14:48:01,860 :INFO : test_sales_module :Logged Out Successfully
2021-04-09 14:48:11,065 :INFO : test_sales_module :Logged In Successfully
2021-04-09 14:48:11,065 :INFO : test_sales_module :Logged In Successfully
2021-04-09 14:48:28,745 :INFO : test_sales_module :Error Occurred
2021-04-09 14:48:28,745 :INFO : test_sales_module :Error Occurred
2021-04-09 14:48:33,582 :INFO : test_sales_module :Logged Out Successfully
2021-04-09 14:48:33,582 :INFO : test_sales_module :Logged Out Successfully
2021-04-09 14:50:45,814 :INFO : test_sales_module :Logged In Successfully
2021-04-09 14:52:41,599 :INFO : test_sales_module :Record Created Successfully
2021-04-09 14:52:51,398 :INFO : test_sales_module :Record Deleted Successfully
2021-04-09 14:52:56,438 :INFO : test_sales_module :Logged Out Successfully
2021-04-09 14:53:05,473 :INFO : test_sales_module :Logged In Successfully
2021-04-09 14:53:05,473 :INFO : test_sales_module :Logged In Successfully
2021-04-09 14:53:23,992 :INFO : test_sales_module :Error Occurred
2021-04-09 14:53:23,992 :INFO : test_sales_module :Error Occurred
2021-04-09 14:53:28,852 :INFO : test_sales_module :Logged Out Successfully
2021-04-09 14:53:28,852 :INFO : test_sales_module :Logged Out Successfully
2021-04-09 14:55:55,698 :INFO : test_sales_module :Logged In Successfully
2021-04-09 14:57:51,413 :INFO : test_sales_module :Record Created Successfully
2021-04-09 14:58:01,137 :INFO : test_sales_module :Record Deleted Successfully
2021-04-09 14:58:06,075 :INFO : test_sales_module :Logged Out Successfully
2021-04-09 14:58:14,093 :INFO : test_sales_module :Logged In Successfully
2021-04-09 14:58:14,093 :INFO : test_sales_module :Logged In Successfully
2021-04-09 14:58:32,727 :INFO : test_sales_module :Error Occurred
2021-04-09 14:58:32,727 :INFO : test_sales_module :Error Occurred
2021-04-09 14:58:37,765 :INFO : test_sales_module :Logged Out Successfully
2021-04-09 14:58:37,765 :INFO : test_sales_module :Logged Out Successfully
2021-04-09 15:15:02,656 :INFO : test_sales_module :Logged In Successfully
2021-04-09 15:17:01,348 :INFO : test_sales_module :Record Created Successfully
2021-04-09 15:17:11,641 :INFO : test_sales_module :Record Deleted Successfully
2021-04-09 15:17:16,845 :INFO : test_sales_module :Logged Out Successfully
2021-04-09 15:17:25,196 :INFO : test_sales_module :Logged In Successfully
2021-04-09 15:17:25,196 :INFO : test_sales_module :Logged In Successfully
2021-04-09 15:17:45,001 :INFO : test_sales_module :Error Occurred
2021-04-09 15:17:45,001 :INFO : test_sales_module :Error Occurred
2021-04-09 15:17:50,081 :INFO : test_sales_module :Logged Out Successfully
2021-04-09 15:17:50,081 :INFO : test_sales_module :Logged Out Successfully
2021-05-17 15:55:30,505 :INFO : test_sales_module :Logged In Successfully
2021-05-17 15:55:58,396 :INFO : test_sales_module :Error Occurred
2021-05-17 15:56:17,660 :INFO : test_sales_module :Logged In Successfully
2021-05-17 15:56:17,660 :INFO : test_sales_module :Logged In Successfully
2021-05-17 15:56:37,867 :INFO : test_sales_module :Error Occurred
2021-05-17 15:56:37,867 :INFO : test_sales_module :Error Occurred
2021-05-17 15:56:44,007 :INFO : test_sales_module :Logged Out Successfully
2021-05-17 15:56:44,007 :INFO : test_sales_module :Logged Out Successfully
2021-05-17 16:01:38,703 :INFO : test_sales_module :Logged In Successfully
2021-05-17 16:05:03,344 :INFO : test_sales_module :Logged In Successfully
2021-05-17 16:09:27,504 :INFO : test_sales_module :Logged In Successfully
2021-05-17 16:11:48,549 :INFO : test_sales_module :Logged In Successfully
2021-05-17 16:13:10,174 :INFO : test_sales_module :Record Created Successfully
2021-05-17 16:13:25,843 :INFO : test_sales_module :Logged In Successfully
2021-05-17 16:13:25,843 :INFO : test_sales_module :Logged In Successfully
2021-05-17 16:22:29,025 :INFO : test_sales_module :Logged In Successfully
2021-05-17 16:23:50,583 :INFO : test_sales_module :Record Created Successfully
2021-05-17 16:24:04,905 :INFO : test_sales_module :Logged In Successfully
2021-05-17 16:24:04,905 :INFO : test_sales_module :Logged In Successfully
2021-05-17 16:24:33,855 :INFO : test_sales_module :Logged In Successfully
2021-05-17 16:25:55,139 :INFO : test_sales_module :Record Created Successfully
2021-05-17 16:26:54,538 :INFO : test_sales_module :Logged In Successfully
2021-05-17 16:28:15,836 :INFO : test_sales_module :Record Created Successfully
2021-05-17 16:30:42,485 :INFO : test_sales_module :Logged In Successfully
2021-05-17 16:31:48,167 :INFO : test_sales_module :Record Created Successfully
2021-05-17 16:35:19,324 :INFO : test_sales_module :Logged In Successfully
2021-05-17 16:35:46,209 :INFO : test_sales_module :Logged In Successfully
2021-05-17 16:35:46,209 :INFO : test_sales_module :Logged In Successfully
2021-05-17 16:39:17,796 :INFO : test_sales_module :Logged In Successfully
2021-05-17 16:41:31,709 :INFO : test_sales_module :Logged In Successfully
2021-05-17 16:42:43,889 :INFO : test_sales_module :Record Created Successfully
2021-05-17 16:44:55,325 :INFO : test_sales_module :Logged In Successfully
2021-05-17 16:46:37,681 :INFO : test_sales_module :Record Created Successfully
2021-05-17 16:46:47,610 :INFO : test_sales_module :Record Deleted Successfully
2021-05-17 16:46:52,750 :INFO : test_sales_module :Logged Out Successfully
2021-05-18 08:31:41,842 :INFO : test_sales_module :Logged In Successfully
2021-05-18 08:35:34,441 :INFO : test_sales_module :Logged In Successfully
2021-05-18 08:44:23,668 :INFO : test_sales_module :Logged In Successfully
2021-05-18 08:48:56,042 :INFO : test_sales_module :Logged In Successfully
2021-05-18 08:50:15,437 :INFO : test_sales_module :Record Created Successfully
2021-05-18 08:58:35,573 :INFO : test_sales_module :Logged In Successfully
2021-05-18 08:59:57,254 :INFO : test_sales_module :Record Created Successfully
2021-05-18 09:05:13,131 :INFO : test_sales_module :Logged In Successfully
2021-05-18 09:06:09,968 :INFO : test_sales_module :Record Created Successfully
2021-05-18 09:06:21,110 :INFO : test_sales_module :Record Deleted Successfully
2021-05-18 09:06:26,793 :INFO : test_sales_module :Logged Out Successfully
2021-05-18 09:23:53,723 :INFO : test_sales_module :Logged In Successfully
2021-05-18 09:24:02,993 :INFO : test_sales_module :Record Created Successfully
2021-05-18 09:24:02,993 :INFO : test_sales_module :Record Deleted Successfully
2021-05-18 09:24:08,759 :INFO : test_sales_module :Logged Out Successfully
2021-05-18 09:24:42,635 :INFO : test_sales_module :Logged In Successfully
2021-05-18 09:24:51,880 :INFO : test_sales_module :Record Created Successfully
2021-05-18 09:24:51,894 :INFO : test_sales_module :Record Deleted Successfully
2021-05-18 09:24:57,550 :INFO : test_sales_module :Logged Out Successfully
